<html>
<body>
<pre>
<h1>Vision Build Log</h1>
<h2>Tool Versions:</h2>
IDE-Version: μVision V5.25.2.0
Copyright (C) 2018 ARM Ltd and ARM Germany GmbH. All rights reserved.
License Information: A A, A, LIC=8VRJ7-ERG15-KPYZY-I9Z9V-GF98G-RVI7A
 
Tool Versions:
Toolchain:       MDK-ARM Plus  Version: 5.25.2.0
Toolchain Path:  D:\mdk5\ARM\ARMCC\Bin
C Compiler:      Armcc.exe V5.06 update 6 (build 750)
Assembler:       Armasm.exe V5.06 update 6 (build 750)
Linker/Locator:  ArmLink.exe V5.06 update 6 (build 750)
Library Manager: ArmAr.exe V5.06 update 6 (build 750)
Hex Converter:   FromElf.exe V5.06 update 6 (build 750)
CPU DLL:         SARMCM3.DLL V5.25.2.0
Dialog DLL:      DCM.DLL V1.17.1.0
Target DLL:      STLink\ST-LINKIII-KEIL_SWO.dll V3.0.1.0
Dialog DLL:      TCM.DLL V1.35.1.0
 
<h2>Project:</h2>
D:\1\N32G430_Code\N32G430_Balance_Car\Balance_Car.uvprojx
Project File Date:  09/06/2022

<h2>Output:</h2>
*** Using Compiler 'V5.06 update 6 (build 750)', folder: 'D:\mdk5\ARM\ARMCC\Bin'
Build target 'N32G430'
compiling usart.c...
src\usart.c(54): error:  #20: identifier "TestStatus" is undefined
  volatile TestStatus TransferStatus1 = FAILED, TransferStatus2 = FAILED;
KB: Unexpected type: 0
error type>(54): error:  #20: identifier "FAILED" is undefined
  volatile TestStatus TransferStatus1 = FAILED, TransferStatus2 = FAILED;
KB: Unexpected type: 0
error type>(63): error:  #169: expected a declaration
  {
src\usart.c(85): error:  #40: expected an identifier
      USART_Initializes(USARTy, &USART_InitStructure);	//配置串口
src\usart.c(85): warning:  #77-D: this declaration has no storage class or type specifier
      USART_Initializes(USARTy, &USART_InitStructure);	//配置串口
src\usart.c(85): error:  #92: identifier-list parameters may only be used in a function definition
      USART_Initializes(USARTy, &USART_InitStructure);	//配置串口
src\usart.c(85): error:  #147: declaration is incompatible with "void USART_Initializes(USART_Module *, USART_InitType *)"  (declared at line 221 of "..\firmware\n32g430_std_periph_driver\inc\n32g430_usart.h")
      USART_Initializes(USARTy, &USART_InitStructure);	//配置串口
src\usart.c(86): error:  #40: expected an identifier
      USART_Initializes(USARTz, &USART_InitStructure);
src\usart.c(86): warning:  #77-D: this declaration has no storage class or type specifier
      USART_Initializes(USARTz, &USART_InitStructure);
src\usart.c(86): error:  #92: identifier-list parameters may only be used in a function definition
      USART_Initializes(USARTz, &USART_InitStructure);
src\usart.c(89): error:  #40: expected an identifier
      USART_DMA_Transfer_Enable(USARTy, USART_DMAREQ_RX | USART_DMAREQ_TX);	//启用USARTy DMA Rx和TX请求
src\usart.c(89): warning:  #77-D: this declaration has no storage class or type specifier
      USART_DMA_Transfer_Enable(USARTy, USART_DMAREQ_RX | USART_DMAREQ_TX);	//启用USARTy DMA Rx和TX请求
src\usart.c(89): error:  #92: identifier-list parameters may only be used in a function definition
      USART_DMA_Transfer_Enable(USARTy, USART_DMAREQ_RX | USART_DMAREQ_TX);	//启用USARTy DMA Rx和TX请求
src\usart.c(89): error:  #147: declaration is incompatible with "void USART_DMA_Transfer_Enable(USART_Module *, uint16_t)"  (declared at line 239 of "..\firmware\n32g430_std_periph_driver\inc\n32g430_usart.h")
      USART_DMA_Transfer_Enable(USARTy, USART_DMAREQ_RX | USART_DMAREQ_TX);	//启用USARTy DMA Rx和TX请求
src\usart.c(91): error:  #40: expected an identifier
      USART_DMA_Transfer_Enable(USARTz, USART_DMAREQ_RX | USART_DMAREQ_TX);	//启用USARTz DMA Rx和TX请求
src\usart.c(91): warning:  #77-D: this declaration has no storage class or type specifier
      USART_DMA_Transfer_Enable(USARTz, USART_DMAREQ_RX | USART_DMAREQ_TX);	//启用USARTz DMA Rx和TX请求
src\usart.c(91): error:  #92: identifier-list parameters may only be used in a function definition
      USART_DMA_Transfer_Enable(USARTz, USART_DMAREQ_RX | USART_DMAREQ_TX);	//启用USARTz DMA Rx和TX请求
src\usart.c(94): error:  #40: expected an identifier
      USART_Interrput_Enable(USARTz, USART_INT_RXDNE);	//启用USARTz接收中断
src\usart.c(94): warning:  #77-D: this declaration has no storage class or type specifier
      USART_Interrput_Enable(USARTz, USART_INT_RXDNE);	//启用USARTz接收中断
src\usart.c(94): error:  #92: identifier-list parameters may only be used in a function definition
      USART_Interrput_Enable(USARTz, USART_INT_RXDNE);	//启用USARTz接收中断
src\usart.c(94): error:  #147: declaration is incompatible with "void USART_Interrput_Enable(USART_Module *, uint16_t)"  (declared at line 237 of "..\firmware\n32g430_std_periph_driver\inc\n32g430_usart.h")
      USART_Interrput_Enable(USARTz, USART_INT_RXDNE);	//启用USARTz接收中断
src\usart.c(97): warning:  #77-D: this declaration has no storage class or type specifier
      DMA_Channel_Enable(USARTy_Tx_DMA_Channel);	/*启用USARTy TX DMA通道*/
src\usart.c(97): error:  #92: identifier-list parameters may only be used in a function definition
      DMA_Channel_Enable(USARTy_Tx_DMA_Channel);	/*启用USARTy TX DMA通道*/
src\usart.c(97): error:  #147: declaration is incompatible with "void DMA_Channel_Enable(DMA_ChannelType *)"  (declared at line 286 of "..\firmware\n32g430_std_periph_driver\inc\n32g430_dma.h")
      DMA_Channel_Enable(USARTy_Tx_DMA_Channel);	/*启用USARTy TX DMA通道*/
src\usart.c(99): warning:  #77-D: this declaration has no storage class or type specifier
      DMA_Channel_Enable(USARTz_Tx_DMA_Channel);	/*启用USARTz TX DMA通道*/
src\usart.c(99): error:  #92: identifier-list parameters may only be used in a function definition
      DMA_Channel_Enable(USARTz_Tx_DMA_Channel);	/*启用USARTz TX DMA通道*/
src\usart.c(102): warning:  #77-D: this declaration has no storage class or type specifier
      USART_Enable(USARTy);				/*启用USARTy和USARTz */
src\usart.c(102): error:  #92: identifier-list parameters may only be used in a function definition
      USART_Enable(USARTy);				/*启用USARTy和USARTz */
src\usart.c(102): error:  #147: declaration is incompatible with "void USART_Enable(USART_Module *)"  (declared at line 235 of "..\firmware\n32g430_std_periph_driver\inc\n32g430_usart.h")
      USART_Enable(USARTy);				/*启用USARTy和USARTz */
src\usart.c(103): warning:  #77-D: this declaration has no storage class or type specifier
      USART_Enable(USARTz);				
src\usart.c(103): error:  #92: identifier-list parameters may only be used in a function definition
      USART_Enable(USARTz);				
src\usart.c(106): error:  #169: expected a declaration
      while (indexFlag < TxBufferSize2)
src\usart.c(124): warning:  #12-D: parsing restarts here after previous syntax error
      TransferStatus1 = Buffercmp(TxBuffer2, RxBuffer1, TxBufferSize2);
src\usart.c(129): error:  #77-D: this declaration has no storage class or type specifier
      TransferStatus2 = Buffercmp(TxBuffer1, RxBuffer2, TxBufferSize1);
KB: Unexpected type: 0
error type>(129): error:  #148: variable "TransferStatus2"  has already been initialized
      TransferStatus2 = Buffercmp(TxBuffer1, RxBuffer2, TxBufferSize1);
src\usart.c(129): error:  #20: identifier "Buffercmp" is undefined
      TransferStatus2 = Buffercmp(TxBuffer1, RxBuffer2, TxBufferSize1);
src\usart.c(129): error:  #59: function call is not allowed in a constant expression
      TransferStatus2 = Buffercmp(TxBuffer1, RxBuffer2, TxBufferSize1);
src\usart.c(135): error:  #169: expected a declaration
      while (1)
src\usart.c(191): warning:  #12-D: parsing restarts here after previous syntax error
      GPIO_InitStructure.Pin            = USARTz_RxPin;
src\usart.c(192): error:  #77-D: this declaration has no storage class or type specifier
      GPIO_InitStructure.GPIO_Alternate = USARTz_Rx_GPIO_AF;
src\usart.c(192): error:  #65: expected a ";"
      GPIO_InitStructure.GPIO_Alternate = USARTz_Rx_GPIO_AF;
src\usart.c: 11 warnings, 30 errors
".\Objects\Balance_Car.axf" - 30 Error(s), 11 Warning(s).

<h2>Software Packages used:</h2>

Package Vendor: Nationstech
                http://www.keil.com/pack/Nationstech.N32G430_DFP.1.0.0.pack
                Nationstech.N32G430_DFP.1.0.0
                Nationstech N32G430 Series Device Support, Drivers and Examples

<h2>Collection of Component include folders:</h2>
  .\RTE\_N32G430
  D:\mdk5\ARM\PACK\Nationstech\N32G430_DFP\1.0.0\firmware\CMSIS\device

<h2>Collection of Component Files used:</h2>
Target not created.
Build Time Elapsed:  00:00:01
</pre>
</body>
</html>
